valgrind --leak-check=full --show-leak-kinds=all --gen-suppressions=all --log-file=test_valgrind.log ./minishell
ls -la | cat -e | grep dr | sort > outfile

==179263== 14 bytes in 7 blocks are definitely lost in loss record 7 of 67
==179263==    at 0x4848899: malloc (in /usr/libexec/valgrind/vgpreload_memcheck-amd64-linux.so)
==179263==    by 0x4043EB: ft_strdup (in /home/jrinaudo/Documents/GitHub/42-Minishell/minishell)
==179263==    by 0x402842: create_token (p_token.c:10)
==179263==    by 0x4028C7: add_token (p_token.c:24)
==179263==    by 0x402F31: tokenizer (p_token.c:136)
==179263==    by 0x402292: parser (p_parser.c:9)
==179263==    by 0x403AFD: main (p_main.c:24)
==179263== 
{
   <insert_a_suppression_name_here>
   Memcheck:Leak
   match-leak-kinds: definite 
   fun:malloc
   fun:ft_strdup
   fun:create_token
   fun:add_token
   fun:tokenizer
   fun:parser
   fun:main
}

==179263== 16 bytes in 1 blocks are still reachable in loss record 10 of 67
==179263==    at 0x4848899: malloc (in /usr/libexec/valgrind/vgpreload_memcheck-amd64-linux.so)
==179263==    by 0x4892B26: rl_initialize (in /usr/lib/x86_64-linux-gnu/libreadline.so.8.1)
==179263==    by 0x4892CD4: readline (in /usr/lib/x86_64-linux-gnu/libreadline.so.8.1)
==179263==    by 0x403A8D: main (p_main.c:15)
==179263== 
{
   <insert_a_suppression_name_here>
   Memcheck:Leak
   match-leak-kinds: reachable
   fun:malloc
   fun:rl_initialize
   fun:readline
   fun:main
}

